INFO: kbplacer_plugin_action.py:70: Plugin version: 0.14
INFO: kbplacer_plugin_action.py:71: Python version: '3.11.5 (main, Nov  6 2025, 07:48:09) [MSC v.1944 64 bit (AMD64)]'
INFO: kbplacer_plugin_action.py:72: KiCad version: 9.0.7 with 4.2.2 msw (phoenix) wxWidgets 3.2.8
INFO: kbplacer_dialog.py:631: Language: en
INFO: kbplacer_plugin_action.py:80: GUI state: {"layout_path": "C:\\Users\\Dell\\Downloads\\ISOlinear_teeth.json", "key_distance": [19.05, 19.05], "key_info": {"annotation_format": "SW{}", "position_option": "Default", "position": {"x": 0.0, "y": 0.0, "orientation": 0.0, "side": "Front"}, "template_path": ""}, "enable_diode_placement": false, "route_switches_with_diodes": false, "optimize_diodes_orientation": false, "diode_info": {"annotation_format": "D{}", "position_option": "Default", "position": {"x": 5.08, "y": 3.03, "orientation": 90.0, "side": "Back"}, "template_path": ""}, "additional_elements": [{"annotation_format": "ST{}", "position_option": "Custom", "position": {"x": 0.0, "y": 0.0, "orientation": 0.0, "side": "Front"}, "template_path": ""}], "route_rows_and_columns": false, "template_path": "", "generate_outline": false, "outline_delta": 0.0}
DEBUG: key_placer.py:424: Set key 1U distance: 19050000/19050000
DEBUG: key_placer.py:141: Switches by nets: defaultdict(<class 'list'>, {frozenset({'COL5', 'ROW1'}): ['SW18'], frozenset({'COL9', 'ROW2'}): ['SW34'], frozenset({'COL2', 'ROW1'}): ['SW15'], frozenset({'COL11', 'ROW3'}): ['SW44'], frozenset({'ROW0', 'COL10'}): ['SW11'], frozenset({'COL6', 'ROW1'}): ['SW19'], frozenset({'COL7', 'ROW1'}): ['SW20'], frozenset({'COL9', 'ROW0'}): ['SW10'], frozenset({'COL7', 'ROW0'}): ['SW8'], frozenset({'COL9', 'ROW1'}): ['SW22'], frozenset({'COL2', 'ROW0'}): ['SW3'], frozenset({'COL4', 'ROW1'}): ['SW17'], frozenset({'ROW2', 'COL10'}): ['SW35'], frozenset({'ROW2', 'COL0'}): ['SW25'], frozenset({'COL10', 'ROW1'}): ['SW23'], frozenset({'ROW0', 'COL8'}): ['SW9'], frozenset({'ROW3', 'COL6'}): ['SW40'], frozenset({'COL4', 'ROW2'}): ['SW29'], frozenset({'COL7', 'ROW2'}): ['SW32'], frozenset({'COL11', 'ROW1'}): ['SW24'], frozenset({'COL6', 'ROW0'}): ['SW7'], frozenset({'ROW0', 'COL3'}): ['SW4'], frozenset({'COL3', 'ROW1'}): ['SW16'], frozenset({'COL1', 'ROW2'}): ['SW26'], frozenset({'COL0', 'ROW1'}): ['SW13'], frozenset({'ROW2', 'COL8'}): ['SW33'], frozenset({'ROW2', 'COL3'}): ['SW28'], frozenset({'COL2', 'ROW3'}): ['SW38'], frozenset({'COL4', 'ROW0'}): ['SW5'], frozenset({'COL8', 'ROW1'}): ['SW21'], frozenset({'ROW0', 'COL0'}): ['SW1'], frozenset({'COL1', 'ROW3'}): ['SW37'], frozenset({'COL11', 'ROW0'}): ['SW12'], frozenset({'ROW3', 'COL9'}): ['SW42'], frozenset({'ROW3', 'COL10'}): ['SW43'], frozenset({'ROW3', 'COL4'}): ['SW39'], frozenset({'COL2', 'ROW2'}): ['SW27'], frozenset({'ROW0', 'COL5'}): ['SW6'], frozenset({'COL1', 'ROW1'}): ['SW14'], frozenset({'COL5', 'ROW2'}): ['SW30'], frozenset({'COL1', 'ROW0'}): ['SW2'], frozenset({'COL6', 'ROW2'}): ['SW31'], frozenset({'ROW3', 'COL0'}): ['SW36'], frozenset({'ROW3', 'COL8'}): ['SW41']})
DEBUG: key_placer.py:145: Diodes by switch: {'SW39': ['D39'], 'SW31': ['D31'], 'SW4': ['D4'], 'SW17': ['D17'], 'SW33': ['D33'], 'SW10': ['D10'], 'SW7': ['D7'], 'SW41': ['D41'], 'SW12': ['D12'], 'SW6': ['D6'], 'SW1': ['D1'], 'SW22': ['D22'], 'SW29': ['D29'], 'SW9': ['D9'], 'SW35': ['D35'], 'SW19': ['D19'], 'SW16': ['D16'], 'SW2': ['D2'], 'SW24': ['D24'], 'SW23': ['D23'], 'SW28': ['D28'], 'SW32': ['D32'], 'SW15': ['D15'], 'SW21': ['D21'], 'SW44': ['D44'], 'SW8': ['D8'], 'SW37': ['D37'], 'SW40': ['D40'], 'SW38': ['D38'], 'SW25': ['D25'], 'SW26': ['D26'], 'SW42': ['D42'], 'SW13': ['D13'], 'SW34': ['D34'], 'SW43': ['D43'], 'SW27': ['D27'], 'SW5': ['D5'], 'SW3': ['D3'], 'SW36': ['D36'], 'SW30': ['D30'], 'SW20': ['D20'], 'SW14': ['D14'], 'SW11': ['D11'], 'SW18': ['D18']}
DEBUG: board_modifier.py:73: Searching for SW1 footprint in C:/Users/Dell/Documents/GitHub/ISOlinear/ISOlinear.kicad_pcb
INFO: key_placer.py:620: Looking for connection template between SW1 and other elements
DEBUG: board_modifier.py:107: Getting SW1 footprint position: (100491250, 126825000)
INFO: key_placer.py:664: Got connection template: 
INFO: kle_serial.py:931: User layout: [['tab', 'q', 'w', {'a': 7}, '', '', '', '', '', '', {'a': 4}, 'o', 'p', {'a': 7}, ''], [{'a': 4}, 'ctrlen', 'a', {'a': 7}, '', '', '', '', '', '', '', '', {'a': 4}, ';', {'x': 0.25, 'w': 1.25, 'h': 2, 'w2': 1.5, 'h2': 1, 'x2': -0.25}, 'enter'], ['shift', 'z', {'a': 7}, '', '', '', '', '', '', {'a': 4}, ',', '.', {'w': 1.25}, '/'], [{'w': 1.25}, 'win', {'w': 1.25}, 'alt', {'w': 1.25}, 'del', {'w': 2.25}, 'ctrl/bspc', {'w': 2}, 'spc', {'x': 0.5}, '←', '↓', '↑', '→']]
DEBUG: key_placer.py:724: Layout offset: (28575000, 28575000)
DEBUG: kle_serial.py:990: Layout with: x_ortholinear_keys=36, y_ortholinear_keys=44, rotated_keys=0, encoders=0, iso_enters=1 and unrecognized_shape_keys=0
DEBUG: kle_serial.py:1015: Layout tagged: [<KeyboardTag.ROW_STAGGERED: 2>, <KeyboardTag.ISO: 5>]
DEBUG: board_modifier.py:94: Setting SW1 footprint position: (38100000, 38100000)
DEBUG: board_modifier.py:94: Setting SW2 footprint position: (57150000, 38100000)
DEBUG: board_modifier.py:94: Setting SW3 footprint position: (76200000, 38100000)
DEBUG: board_modifier.py:94: Setting SW4 footprint position: (95250000, 38100000)
DEBUG: board_modifier.py:94: Setting SW5 footprint position: (114300000, 38100000)
DEBUG: board_modifier.py:94: Setting SW6 footprint position: (133350000, 38100000)
DEBUG: board_modifier.py:94: Setting SW7 footprint position: (152400000, 38100000)
DEBUG: board_modifier.py:94: Setting SW8 footprint position: (171450000, 38100000)
DEBUG: board_modifier.py:94: Setting SW9 footprint position: (190500000, 38100000)
DEBUG: board_modifier.py:94: Setting SW10 footprint position: (209550000, 38100000)
DEBUG: board_modifier.py:94: Setting SW11 footprint position: (228600000, 38100000)
DEBUG: board_modifier.py:94: Setting SW12 footprint position: (247650000, 38100000)
DEBUG: board_modifier.py:94: Setting SW13 footprint position: (38100000, 57150000)
DEBUG: board_modifier.py:94: Setting SW14 footprint position: (57150000, 57150000)
DEBUG: board_modifier.py:94: Setting SW15 footprint position: (76200000, 57150000)
DEBUG: board_modifier.py:94: Setting SW16 footprint position: (95250000, 57150000)
DEBUG: board_modifier.py:94: Setting SW17 footprint position: (114300000, 57150000)
DEBUG: board_modifier.py:94: Setting SW18 footprint position: (133350000, 57150000)
DEBUG: board_modifier.py:94: Setting SW19 footprint position: (152400000, 57150000)
DEBUG: board_modifier.py:94: Setting SW20 footprint position: (171450000, 57150000)
DEBUG: board_modifier.py:94: Setting SW21 footprint position: (190500000, 57150000)
DEBUG: board_modifier.py:94: Setting SW22 footprint position: (209550000, 57150000)
DEBUG: board_modifier.py:94: Setting SW23 footprint position: (228600000, 57150000)
DEBUG: board_modifier.py:94: Setting SW24 footprint position: (254793750, 66675000)
DEBUG: board_modifier.py:94: Setting SW25 footprint position: (38100000, 76200000)
DEBUG: board_modifier.py:94: Setting SW26 footprint position: (57150000, 76200000)
DEBUG: board_modifier.py:94: Setting SW27 footprint position: (76200000, 76200000)
DEBUG: board_modifier.py:94: Setting SW28 footprint position: (95250000, 76200000)
DEBUG: board_modifier.py:94: Setting SW29 footprint position: (114300000, 76200000)
DEBUG: board_modifier.py:94: Setting SW30 footprint position: (133350000, 76200000)
DEBUG: board_modifier.py:94: Setting SW31 footprint position: (152400000, 76200000)
DEBUG: board_modifier.py:94: Setting SW32 footprint position: (171450000, 76200000)
DEBUG: board_modifier.py:94: Setting SW33 footprint position: (190500000, 76200000)
DEBUG: board_modifier.py:94: Setting SW34 footprint position: (209550000, 76200000)
DEBUG: board_modifier.py:94: Setting SW35 footprint position: (230981250, 76200000)
DEBUG: board_modifier.py:94: Setting SW36 footprint position: (40481250, 95250000)
DEBUG: board_modifier.py:94: Setting SW37 footprint position: (64293750, 95250000)
DEBUG: board_modifier.py:94: Setting SW38 footprint position: (88106250, 95250000)
DEBUG: board_modifier.py:94: Setting SW39 footprint position: (121443750, 95250000)
DEBUG: board_modifier.py:94: Setting SW40 footprint position: (161925000, 95250000)
DEBUG: board_modifier.py:94: Setting SW41 footprint position: (200025000, 95250000)
DEBUG: board_modifier.py:94: Setting SW42 footprint position: (219075000, 95250000)
DEBUG: board_modifier.py:94: Setting SW43 footprint position: (238125000, 95250000)
DEBUG: board_modifier.py:94: Setting SW44 footprint position: (257175000, 95250000)
INFO: key_placer.py:1078: Diode info: [ElementInfo(annotation_format='D{}', position_option=<PositionOption.UNCHANGED: 'Unchanged'>, position=ElementPosition(x=5.08, y=3.03, orientation=90.0, side=<Side.BACK: 'Back'>), template_path='')]
DEBUG: key_placer.py:854: Placing additional elements for SW18
DEBUG: board_modifier.py:107: Getting SW18 footprint position: (133350000, 57150000)
DEBUG: board_modifier.py:84: Searching for optional ST18 footprint in C:/Users/Dell/Documents/GitHub/ISOlinear/ISOlinear.kicad_pcb
DEBUG: board_modifier.py:89: Footprint not found
DEBUG: key_placer.py:854: Placing additional elements for SW34
DEBUG: board_modifier.py:107: Getting SW34 footprint position: (209550000, 76200000)
DEBUG: board_modifier.py:84: Searching for optional ST34 footprint in C:/Users/Dell/Documents/GitHub/ISOlinear/ISOlinear.kicad_pcb
DEBUG: board_modifier.py:89: Footprint not found
DEBUG: key_placer.py:854: Placing additional elements for SW15
DEBUG: board_modifier.py:107: Getting SW15 footprint position: (76200000, 57150000)
DEBUG: board_modifier.py:84: Searching for optional ST15 footprint in C:/Users/Dell/Documents/GitHub/ISOlinear/ISOlinear.kicad_pcb
DEBUG: board_modifier.py:89: Footprint not found
DEBUG: key_placer.py:854: Placing additional elements for SW44
DEBUG: board_modifier.py:107: Getting SW44 footprint position: (257175000, 95250000)
DEBUG: board_modifier.py:84: Searching for optional ST44 footprint in C:/Users/Dell/Documents/GitHub/ISOlinear/ISOlinear.kicad_pcb
DEBUG: board_modifier.py:89: Footprint not found
DEBUG: key_placer.py:854: Placing additional elements for SW11
DEBUG: board_modifier.py:107: Getting SW11 footprint position: (228600000, 38100000)
DEBUG: board_modifier.py:84: Searching for optional ST11 footprint in C:/Users/Dell/Documents/GitHub/ISOlinear/ISOlinear.kicad_pcb
DEBUG: board_modifier.py:89: Footprint not found
DEBUG: key_placer.py:854: Placing additional elements for SW19
DEBUG: board_modifier.py:107: Getting SW19 footprint position: (152400000, 57150000)
DEBUG: board_modifier.py:84: Searching for optional ST19 footprint in C:/Users/Dell/Documents/GitHub/ISOlinear/ISOlinear.kicad_pcb
DEBUG: board_modifier.py:89: Footprint not found
DEBUG: key_placer.py:854: Placing additional elements for SW20
DEBUG: board_modifier.py:107: Getting SW20 footprint position: (171450000, 57150000)
DEBUG: board_modifier.py:84: Searching for optional ST20 footprint in C:/Users/Dell/Documents/GitHub/ISOlinear/ISOlinear.kicad_pcb
DEBUG: board_modifier.py:89: Footprint not found
DEBUG: key_placer.py:854: Placing additional elements for SW10
DEBUG: board_modifier.py:107: Getting SW10 footprint position: (209550000, 38100000)
DEBUG: board_modifier.py:84: Searching for optional ST10 footprint in C:/Users/Dell/Documents/GitHub/ISOlinear/ISOlinear.kicad_pcb
DEBUG: board_modifier.py:89: Footprint not found
DEBUG: key_placer.py:854: Placing additional elements for SW8
DEBUG: board_modifier.py:107: Getting SW8 footprint position: (171450000, 38100000)
DEBUG: board_modifier.py:84: Searching for optional ST8 footprint in C:/Users/Dell/Documents/GitHub/ISOlinear/ISOlinear.kicad_pcb
DEBUG: board_modifier.py:89: Footprint not found
DEBUG: key_placer.py:854: Placing additional elements for SW22
DEBUG: board_modifier.py:107: Getting SW22 footprint position: (209550000, 57150000)
DEBUG: board_modifier.py:84: Searching for optional ST22 footprint in C:/Users/Dell/Documents/GitHub/ISOlinear/ISOlinear.kicad_pcb
DEBUG: board_modifier.py:89: Footprint not found
DEBUG: key_placer.py:854: Placing additional elements for SW3
DEBUG: board_modifier.py:107: Getting SW3 footprint position: (76200000, 38100000)
DEBUG: board_modifier.py:84: Searching for optional ST3 footprint in C:/Users/Dell/Documents/GitHub/ISOlinear/ISOlinear.kicad_pcb
DEBUG: board_modifier.py:89: Footprint not found
DEBUG: key_placer.py:854: Placing additional elements for SW17
DEBUG: board_modifier.py:107: Getting SW17 footprint position: (114300000, 57150000)
DEBUG: board_modifier.py:84: Searching for optional ST17 footprint in C:/Users/Dell/Documents/GitHub/ISOlinear/ISOlinear.kicad_pcb
DEBUG: board_modifier.py:89: Footprint not found
DEBUG: key_placer.py:854: Placing additional elements for SW35
DEBUG: board_modifier.py:107: Getting SW35 footprint position: (230981250, 76200000)
DEBUG: board_modifier.py:84: Searching for optional ST35 footprint in C:/Users/Dell/Documents/GitHub/ISOlinear/ISOlinear.kicad_pcb
DEBUG: board_modifier.py:89: Footprint not found
DEBUG: key_placer.py:854: Placing additional elements for SW25
DEBUG: board_modifier.py:107: Getting SW25 footprint position: (38100000, 76200000)
DEBUG: board_modifier.py:84: Searching for optional ST25 footprint in C:/Users/Dell/Documents/GitHub/ISOlinear/ISOlinear.kicad_pcb
DEBUG: board_modifier.py:89: Footprint not found
DEBUG: key_placer.py:854: Placing additional elements for SW23
DEBUG: board_modifier.py:107: Getting SW23 footprint position: (228600000, 57150000)
DEBUG: board_modifier.py:84: Searching for optional ST23 footprint in C:/Users/Dell/Documents/GitHub/ISOlinear/ISOlinear.kicad_pcb
DEBUG: board_modifier.py:89: Footprint not found
DEBUG: key_placer.py:854: Placing additional elements for SW9
DEBUG: board_modifier.py:107: Getting SW9 footprint position: (190500000, 38100000)
DEBUG: board_modifier.py:84: Searching for optional ST9 footprint in C:/Users/Dell/Documents/GitHub/ISOlinear/ISOlinear.kicad_pcb
DEBUG: board_modifier.py:89: Footprint not found
DEBUG: key_placer.py:854: Placing additional elements for SW40
DEBUG: board_modifier.py:107: Getting SW40 footprint position: (161925000, 95250000)
DEBUG: board_modifier.py:84: Searching for optional ST40 footprint in C:/Users/Dell/Documents/GitHub/ISOlinear/ISOlinear.kicad_pcb
DEBUG: board_modifier.py:89: Footprint not found
DEBUG: key_placer.py:854: Placing additional elements for SW29
DEBUG: board_modifier.py:107: Getting SW29 footprint position: (114300000, 76200000)
DEBUG: board_modifier.py:84: Searching for optional ST29 footprint in C:/Users/Dell/Documents/GitHub/ISOlinear/ISOlinear.kicad_pcb
DEBUG: board_modifier.py:89: Footprint not found
DEBUG: key_placer.py:854: Placing additional elements for SW32
DEBUG: board_modifier.py:107: Getting SW32 footprint position: (171450000, 76200000)
DEBUG: board_modifier.py:84: Searching for optional ST32 footprint in C:/Users/Dell/Documents/GitHub/ISOlinear/ISOlinear.kicad_pcb
DEBUG: board_modifier.py:89: Footprint not found
DEBUG: key_placer.py:854: Placing additional elements for SW24
DEBUG: board_modifier.py:107: Getting SW24 footprint position: (254793750, 66675000)
DEBUG: board_modifier.py:84: Searching for optional ST24 footprint in C:/Users/Dell/Documents/GitHub/ISOlinear/ISOlinear.kicad_pcb
DEBUG: board_modifier.py:89: Footprint not found
DEBUG: key_placer.py:854: Placing additional elements for SW7
DEBUG: board_modifier.py:107: Getting SW7 footprint position: (152400000, 38100000)
DEBUG: board_modifier.py:84: Searching for optional ST7 footprint in C:/Users/Dell/Documents/GitHub/ISOlinear/ISOlinear.kicad_pcb
DEBUG: board_modifier.py:89: Footprint not found
DEBUG: key_placer.py:854: Placing additional elements for SW4
DEBUG: board_modifier.py:107: Getting SW4 footprint position: (95250000, 38100000)
DEBUG: board_modifier.py:84: Searching for optional ST4 footprint in C:/Users/Dell/Documents/GitHub/ISOlinear/ISOlinear.kicad_pcb
DEBUG: board_modifier.py:89: Footprint not found
DEBUG: key_placer.py:854: Placing additional elements for SW16
DEBUG: board_modifier.py:107: Getting SW16 footprint position: (95250000, 57150000)
DEBUG: board_modifier.py:84: Searching for optional ST16 footprint in C:/Users/Dell/Documents/GitHub/ISOlinear/ISOlinear.kicad_pcb
DEBUG: board_modifier.py:89: Footprint not found
DEBUG: key_placer.py:854: Placing additional elements for SW26
DEBUG: board_modifier.py:107: Getting SW26 footprint position: (57150000, 76200000)
DEBUG: board_modifier.py:84: Searching for optional ST26 footprint in C:/Users/Dell/Documents/GitHub/ISOlinear/ISOlinear.kicad_pcb
DEBUG: board_modifier.py:89: Footprint not found
DEBUG: key_placer.py:854: Placing additional elements for SW13
DEBUG: board_modifier.py:107: Getting SW13 footprint position: (38100000, 57150000)
DEBUG: board_modifier.py:84: Searching for optional ST13 footprint in C:/Users/Dell/Documents/GitHub/ISOlinear/ISOlinear.kicad_pcb
DEBUG: board_modifier.py:89: Footprint not found
DEBUG: key_placer.py:854: Placing additional elements for SW33
DEBUG: board_modifier.py:107: Getting SW33 footprint position: (190500000, 76200000)
DEBUG: board_modifier.py:84: Searching for optional ST33 footprint in C:/Users/Dell/Documents/GitHub/ISOlinear/ISOlinear.kicad_pcb
DEBUG: board_modifier.py:89: Footprint not found
DEBUG: key_placer.py:854: Placing additional elements for SW28
DEBUG: board_modifier.py:107: Getting SW28 footprint position: (95250000, 76200000)
DEBUG: board_modifier.py:84: Searching for optional ST28 footprint in C:/Users/Dell/Documents/GitHub/ISOlinear/ISOlinear.kicad_pcb
DEBUG: board_modifier.py:89: Footprint not found
DEBUG: key_placer.py:854: Placing additional elements for SW38
DEBUG: board_modifier.py:107: Getting SW38 footprint position: (88106250, 95250000)
DEBUG: board_modifier.py:84: Searching for optional ST38 footprint in C:/Users/Dell/Documents/GitHub/ISOlinear/ISOlinear.kicad_pcb
DEBUG: board_modifier.py:89: Footprint not found
DEBUG: key_placer.py:854: Placing additional elements for SW5
DEBUG: board_modifier.py:107: Getting SW5 footprint position: (114300000, 38100000)
DEBUG: board_modifier.py:84: Searching for optional ST5 footprint in C:/Users/Dell/Documents/GitHub/ISOlinear/ISOlinear.kicad_pcb
DEBUG: board_modifier.py:89: Footprint not found
DEBUG: key_placer.py:854: Placing additional elements for SW21
DEBUG: board_modifier.py:107: Getting SW21 footprint position: (190500000, 57150000)
DEBUG: board_modifier.py:84: Searching for optional ST21 footprint in C:/Users/Dell/Documents/GitHub/ISOlinear/ISOlinear.kicad_pcb
DEBUG: board_modifier.py:89: Footprint not found
DEBUG: key_placer.py:854: Placing additional elements for SW1
DEBUG: board_modifier.py:107: Getting SW1 footprint position: (38100000, 38100000)
DEBUG: board_modifier.py:84: Searching for optional ST1 footprint in C:/Users/Dell/Documents/GitHub/ISOlinear/ISOlinear.kicad_pcb
DEBUG: board_modifier.py:89: Footprint not found
DEBUG: key_placer.py:854: Placing additional elements for SW37
DEBUG: board_modifier.py:107: Getting SW37 footprint position: (64293750, 95250000)
DEBUG: board_modifier.py:84: Searching for optional ST37 footprint in C:/Users/Dell/Documents/GitHub/ISOlinear/ISOlinear.kicad_pcb
DEBUG: board_modifier.py:89: Footprint not found
DEBUG: key_placer.py:854: Placing additional elements for SW12
DEBUG: board_modifier.py:107: Getting SW12 footprint position: (247650000, 38100000)
DEBUG: board_modifier.py:84: Searching for optional ST12 footprint in C:/Users/Dell/Documents/GitHub/ISOlinear/ISOlinear.kicad_pcb
DEBUG: board_modifier.py:89: Footprint not found
DEBUG: key_placer.py:854: Placing additional elements for SW42
DEBUG: board_modifier.py:107: Getting SW42 footprint position: (219075000, 95250000)
DEBUG: board_modifier.py:84: Searching for optional ST42 footprint in C:/Users/Dell/Documents/GitHub/ISOlinear/ISOlinear.kicad_pcb
DEBUG: board_modifier.py:89: Footprint not found
DEBUG: key_placer.py:854: Placing additional elements for SW43
DEBUG: board_modifier.py:107: Getting SW43 footprint position: (238125000, 95250000)
DEBUG: board_modifier.py:84: Searching for optional ST43 footprint in C:/Users/Dell/Documents/GitHub/ISOlinear/ISOlinear.kicad_pcb
DEBUG: board_modifier.py:89: Footprint not found
DEBUG: key_placer.py:854: Placing additional elements for SW39
DEBUG: board_modifier.py:107: Getting SW39 footprint position: (121443750, 95250000)
DEBUG: board_modifier.py:84: Searching for optional ST39 footprint in C:/Users/Dell/Documents/GitHub/ISOlinear/ISOlinear.kicad_pcb
DEBUG: board_modifier.py:89: Footprint not found
DEBUG: key_placer.py:854: Placing additional elements for SW27
DEBUG: board_modifier.py:107: Getting SW27 footprint position: (76200000, 76200000)
DEBUG: board_modifier.py:84: Searching for optional ST27 footprint in C:/Users/Dell/Documents/GitHub/ISOlinear/ISOlinear.kicad_pcb
DEBUG: board_modifier.py:89: Footprint not found
DEBUG: key_placer.py:854: Placing additional elements for SW6
DEBUG: board_modifier.py:107: Getting SW6 footprint position: (133350000, 38100000)
DEBUG: board_modifier.py:84: Searching for optional ST6 footprint in C:/Users/Dell/Documents/GitHub/ISOlinear/ISOlinear.kicad_pcb
DEBUG: board_modifier.py:89: Footprint not found
DEBUG: key_placer.py:854: Placing additional elements for SW14
DEBUG: board_modifier.py:107: Getting SW14 footprint position: (57150000, 57150000)
DEBUG: board_modifier.py:84: Searching for optional ST14 footprint in C:/Users/Dell/Documents/GitHub/ISOlinear/ISOlinear.kicad_pcb
DEBUG: board_modifier.py:89: Footprint not found
DEBUG: key_placer.py:854: Placing additional elements for SW30
DEBUG: board_modifier.py:107: Getting SW30 footprint position: (133350000, 76200000)
DEBUG: board_modifier.py:84: Searching for optional ST30 footprint in C:/Users/Dell/Documents/GitHub/ISOlinear/ISOlinear.kicad_pcb
DEBUG: board_modifier.py:89: Footprint not found
DEBUG: key_placer.py:854: Placing additional elements for SW2
DEBUG: board_modifier.py:107: Getting SW2 footprint position: (57150000, 38100000)
DEBUG: board_modifier.py:84: Searching for optional ST2 footprint in C:/Users/Dell/Documents/GitHub/ISOlinear/ISOlinear.kicad_pcb
DEBUG: board_modifier.py:89: Footprint not found
DEBUG: key_placer.py:854: Placing additional elements for SW31
DEBUG: board_modifier.py:107: Getting SW31 footprint position: (152400000, 76200000)
DEBUG: board_modifier.py:84: Searching for optional ST31 footprint in C:/Users/Dell/Documents/GitHub/ISOlinear/ISOlinear.kicad_pcb
DEBUG: board_modifier.py:89: Footprint not found
DEBUG: key_placer.py:854: Placing additional elements for SW36
DEBUG: board_modifier.py:107: Getting SW36 footprint position: (40481250, 95250000)
DEBUG: board_modifier.py:84: Searching for optional ST36 footprint in C:/Users/Dell/Documents/GitHub/ISOlinear/ISOlinear.kicad_pcb
DEBUG: board_modifier.py:89: Footprint not found
DEBUG: key_placer.py:854: Placing additional elements for SW41
DEBUG: board_modifier.py:107: Getting SW41 footprint position: (200025000, 95250000)
DEBUG: board_modifier.py:84: Searching for optional ST41 footprint in C:/Users/Dell/Documents/GitHub/ISOlinear/ISOlinear.kicad_pcb
DEBUG: board_modifier.py:89: Footprint not found
